<?xml version="1.0" encoding="utf-8"?><testsuites name="pytest tests"><testsuite name="pytest" errors="0" failures="0" skipped="0" tests="28" time="3.161" timestamp="2026-04-18T09:37:32.651639+00:00" hostname="agent-env-98d88dc8-fb4a-448f-9dc7-02b0e87ab2dd"><testcase classname="backend.tests.test_phase1_features.TestAuth" name="test_login_success" time="0.684" /><testcase classname="backend.tests.test_phase1_features.TestAuth" name="test_me_endpoint" time="0.043" /><testcase classname="backend.tests.test_phase1_features.TestBudgets" name="test_get_budgets_empty_or_list" time="0.049" /><testcase classname="backend.tests.test_phase1_features.TestBudgets" name="test_create_budget_groceries" time="0.042" /><testcase classname="backend.tests.test_phase1_features.TestBudgets" name="test_budget_has_progress_fields" time="0.048" /><testcase classname="backend.tests.test_phase1_features.TestBudgets" name="test_delete_budget" time="0.132" /><testcase classname="backend.tests.test_phase1_features.TestLoans" name="test_get_loans" time="0.043" /><testcase classname="backend.tests.test_phase1_features.TestLoans" name="test_add_personal_loan" time="0.044" /><testcase classname="backend.tests.test_phase1_features.TestLoans" name="test_loan_has_calculated_fields" time="0.048" /><testcase classname="backend.tests.test_phase1_features.TestLoans" name="test_loan_amortization_table" time="0.102" /><testcase classname="backend.tests.test_phase1_features.TestLoans" name="test_prepayment_simulator" time="0.090" /><testcase classname="backend.tests.test_phase1_features.TestLoans" name="test_delete_loan" time="0.087" /><testcase classname="backend.tests.test_phase1_features.TestCreditCards" name="test_get_credit_cards" time="0.044" /><testcase classname="backend.tests.test_phase1_features.TestCreditCards" name="test_add_credit_card" time="0.046" /><testcase classname="backend.tests.test_phase1_features.TestCreditCards" name="test_card_utilization_calculated" time="0.044" /><testcase classname="backend.tests.test_phase1_features.TestCreditCards" name="test_delete_credit_card" time="0.088" /><testcase classname="backend.tests.test_phase1_features.TestHealthScore" name="test_health_score_endpoint" time="0.047" /><testcase classname="backend.tests.test_phase1_features.TestDailyLimit" name="test_get_daily_limit" time="0.044" /><testcase classname="backend.tests.test_phase1_features.TestDailyLimit" name="test_set_daily_limit" time="0.089" /><testcase classname="backend.tests.test_phase1_features.TestWeeklyDigest" name="test_weekly_digest_endpoint" time="0.044" /><testcase classname="backend.tests.test_phase1_features.TestSubscriptions" name="test_subscriptions_endpoint" time="0.044" /><testcase classname="backend.tests.test_phase1_features.TestStripePayments" name="test_checkout_invalid_plan" time="0.044" /><testcase classname="backend.tests.test_phase1_features.TestStripePayments" name="test_checkout_pro_monthly" time="0.402" /><testcase classname="backend.tests.test_phase1_features.TestStripePayments" name="test_checkout_elite_yearly" time="0.507" /><testcase classname="backend.tests.test_phase1_features.TestStripePayments" name="test_user_plan_endpoint" time="0.045" /><testcase classname="backend.tests.test_phase1_features.TestAutoSaveRules" name="test_get_autosave_rules" time="0.043" /><testcase classname="backend.tests.test_phase1_features.TestAutoSaveRules" name="test_create_autosave_rule" time="0.100" /><testcase classname="backend.tests.test_phase1_features.TestDashboardIntegration" name="test_dashboard_loads" time="0.044" /></testsuite></testsuites>