<?xml version="1.0" encoding="utf-8"?><testsuites name="pytest tests"><testsuite name="pytest" errors="0" failures="0" skipped="0" tests="24" time="3.404" timestamp="2026-04-20T09:57:20.743195+00:00" hostname="agent-env-98d88dc8-fb4a-448f-9dc7-02b0e87ab2dd"><testcase classname="backend.tests.test_phase234_features.TestInvestments" name="test_list_investments" time="0.438" /><testcase classname="backend.tests.test_phase234_features.TestInvestments" name="test_create_and_crud" time="0.423" /><testcase classname="backend.tests.test_phase234_features.TestRealEstate" name="test_list_empty_and_crud" time="0.181" /><testcase classname="backend.tests.test_phase234_features.TestNetWorth" name="test_net_worth" time="0.050" /><testcase classname="backend.tests.test_phase234_features.TestZeroBudget" name="test_empty_and_populate" time="0.139" /><testcase classname="backend.tests.test_phase234_features.TestLendBorrow" name="test_crud" time="0.321" /><testcase classname="backend.tests.test_phase234_features.TestDebtPayoff" name="test_simulate_both" time="0.044" /><testcase classname="backend.tests.test_phase234_features.TestDebtPayoff" name="test_simulate_single" time="0.091" /><testcase classname="backend.tests.test_phase234_features.TestJars" name="test_jar_lifecycle" time="0.299" /><testcase classname="backend.tests.test_phase234_features.TestSipRd" name="test_sip" time="0.191" /><testcase classname="backend.tests.test_phase234_features.TestFDs" name="test_fd" time="0.188" /><testcase classname="backend.tests.test_phase234_features.TestDeductions" name="test_deductions" time="0.212" /><testcase classname="backend.tests.test_phase234_features.TestTaxCalendar" name="test_calendar" time="0.047" /><testcase classname="backend.tests.test_phase234_features.TestITR" name="test_itr" time="0.050" /><testcase classname="backend.tests.test_phase234_features.TestForm26AS" name="test_upload_and_list" time="0.197" /><testcase classname="backend.tests.test_phase234_features.TestUnusualAlerts" name="test_unusual_alerts" time="0.045" /><testcase classname="backend.tests.test_phase234_features.TestPhase1Regression" name="test_budgets" time="0.049" /><testcase classname="backend.tests.test_phase234_features.TestPhase1Regression" name="test_loans" time="0.045" /><testcase classname="backend.tests.test_phase234_features.TestPhase1Regression" name="test_credit_cards" time="0.044" /><testcase classname="backend.tests.test_phase234_features.TestPhase1Regression" name="test_health_score" time="0.054" /><testcase classname="backend.tests.test_phase234_features.TestPhase1Regression" name="test_daily_limit" time="0.046" /><testcase classname="backend.tests.test_phase234_features.TestPhase1Regression" name="test_weekly_digest" time="0.047" /><testcase classname="backend.tests.test_phase234_features.TestPhase1Regression" name="test_subscriptions" time="0.045" /><testcase classname="backend.tests.test_phase234_features.TestPhase1Regression" name="test_autosave" time="0.046" /></testsuite></testsuites>