<?xml version="1.0" encoding="utf-8"?><testsuites name="pytest tests"><testsuite name="pytest" errors="0" failures="0" skipped="0" tests="43" time="16.365" timestamp="2026-04-18T06:32:19.616298+00:00" hostname="agent-env-98d88dc8-fb4a-448f-9dc7-02b0e87ab2dd"><testcase classname="backend.tests.test_finflow_api.TestAuth" name="test_login_success" time="0.467" /><testcase classname="backend.tests.test_finflow_api.TestAuth" name="test_login_invalid_credentials" time="0.107" /><testcase classname="backend.tests.test_finflow_api.TestAuth" name="test_register_new_user" time="0.342" /><testcase classname="backend.tests.test_finflow_api.TestAuth" name="test_register_duplicate_email" time="0.146" /><testcase classname="backend.tests.test_finflow_api.TestAuth" name="test_me_endpoint_with_auth" time="0.409" /><testcase classname="backend.tests.test_finflow_api.TestAuth" name="test_logout" time="0.403" /><testcase classname="backend.tests.test_finflow_api.TestPersona" name="test_select_individual_persona" time="0.367" /><testcase classname="backend.tests.test_finflow_api.TestPersona" name="test_select_shop_owner_persona" time="0.368" /><testcase classname="backend.tests.test_finflow_api.TestPersona" name="test_select_ca_persona" time="0.371" /><testcase classname="backend.tests.test_finflow_api.TestPersona" name="test_invalid_persona" time="0.410" /><testcase classname="backend.tests.test_finflow_api.TestIndividual" name="test_individual_dashboard" time="0.414" /><testcase classname="backend.tests.test_finflow_api.TestIndividual" name="test_add_income_transaction" time="0.437" /><testcase classname="backend.tests.test_finflow_api.TestIndividual" name="test_add_expense_transaction" time="0.417" /><testcase classname="backend.tests.test_finflow_api.TestIndividual" name="test_get_transactions" time="0.418" /><testcase classname="backend.tests.test_finflow_api.TestIndividual" name="test_delete_transaction" time="0.486" /><testcase classname="backend.tests.test_finflow_api.TestIndividual" name="test_create_goal" time="0.446" /><testcase classname="backend.tests.test_finflow_api.TestIndividual" name="test_get_goals" time="0.423" /><testcase classname="backend.tests.test_finflow_api.TestIndividual" name="test_update_goal" time="0.501" /><testcase classname="backend.tests.test_finflow_api.TestIndividual" name="test_delete_goal" time="0.491" /><testcase classname="backend.tests.test_finflow_api.TestShopOwner" name="test_shop_dashboard" time="0.425" /><testcase classname="backend.tests.test_finflow_api.TestShopOwner" name="test_add_credit_entry" time="0.479" /><testcase classname="backend.tests.test_finflow_api.TestShopOwner" name="test_add_debit_entry" time="0.418" /><testcase classname="backend.tests.test_finflow_api.TestShopOwner" name="test_invalid_entry_type" time="0.404" /><testcase classname="backend.tests.test_finflow_api.TestShopOwner" name="test_get_ledger" time="0.428" /><testcase classname="backend.tests.test_finflow_api.TestShopOwner" name="test_delete_entry" time="0.491" /><testcase classname="backend.tests.test_finflow_api.TestShopOwner" name="test_add_pending_payment" time="0.468" /><testcase classname="backend.tests.test_finflow_api.TestShopOwner" name="test_get_pending_payments" time="0.421" /><testcase classname="backend.tests.test_finflow_api.TestShopOwner" name="test_delete_pending_payment" time="0.460" /><testcase classname="backend.tests.test_finflow_api.TestCA" name="test_ca_dashboard" time="0.425" /><testcase classname="backend.tests.test_finflow_api.TestCA" name="test_add_client" time="0.421" /><testcase classname="backend.tests.test_finflow_api.TestCA" name="test_add_client_overdue_status" time="0.427" /><testcase classname="backend.tests.test_finflow_api.TestCA" name="test_get_clients" time="0.424" /><testcase classname="backend.tests.test_finflow_api.TestCA" name="test_delete_client" time="0.466" /><testcase classname="backend.tests.test_finflow_api.TestCA" name="test_add_task" time="0.411" /><testcase classname="backend.tests.test_finflow_api.TestCA" name="test_get_tasks" time="0.417" /><testcase classname="backend.tests.test_finflow_api.TestCA" name="test_update_task_status" time="0.502" /><testcase classname="backend.tests.test_finflow_api.TestCA" name="test_delete_task" time="0.470" /><testcase classname="backend.tests.test_finflow_api.TestSMSParser" name="test_parse_debit_sms" time="0.133" /><testcase classname="backend.tests.test_finflow_api.TestSMSParser" name="test_parse_credit_sms" time="0.103" /><testcase classname="backend.tests.test_finflow_api.TestSMSParser" name="test_parse_upi_sms" time="0.111" /><testcase classname="backend.tests.test_finflow_api.TestSMSParser" name="test_parse_empty_sms" time="0.110" /><testcase classname="backend.tests.test_finflow_api.TestSMSParser" name="test_parse_non_financial_sms" time="0.110" /><testcase classname="backend.tests.test_finflow_api.TestPricing" name="test_get_pricing" time="0.102" /></testsuite></testsuites>